<?xml version="1.0" encoding="UTF-8"?>
<testng-results skipped="0" failed="0" ignored="0" total="2" passed="2">
  <reporter-output>
  </reporter-output>
  <suite name="Default suite" duration-ms="214577" started-at="2019-11-28T12:31:41Z" finished-at="2019-11-28T12:35:15Z">
    <groups>
    </groups>
    <test name="Default test" duration-ms="214577" started-at="2019-11-28T12:31:41Z" finished-at="2019-11-28T12:35:15Z">
      <class name="CDQM.Test.Reports">
        <test-method status="PASS" signature="home()[pri:0, instance:CDQM.Test.Reports@23ceabc1]" name="home" is-config="true" duration-ms="194461" started-at="2019-11-28T12:31:41Z" finished-at="2019-11-28T12:34:55Z">
          <reporter-output>
          </reporter-output>
        </test-method> <!-- home -->
        <test-method status="PASS" signature="reports()[pri:0, instance:CDQM.Test.Reports@23ceabc1]" name="reports" duration-ms="11413" started-at="2019-11-28T12:34:55Z" finished-at="2019-11-28T12:35:07Z">
          <reporter-output>
          </reporter-output>
        </test-method> <!-- reports -->
        <test-method status="PASS" signature="reportspage()[pri:0, instance:CDQM.Test.Reports@23ceabc1]" name="reportspage" duration-ms="8643" started-at="2019-11-28T12:35:07Z" finished-at="2019-11-28T12:35:15Z">
          <reporter-output>
          </reporter-output>
        </test-method> <!-- reportspage -->
      </class> <!-- CDQM.Test.Reports -->
    </test> <!-- Default test -->
  </suite> <!-- Default suite -->
</testng-results>
